[debug] [2020-06-13T15:15:29.335Z] ----------------------------------------------------------------------
[debug] [2020-06-13T15:15:29.336Z] Command:       Z:\Program Files\nodejs\node.exe C:\Users\waltt\AppData\Roaming\npm\node_modules\firebase-tools\lib\bin\firebase.js deploy --only functions
[debug] [2020-06-13T15:15:29.337Z] CLI Version:   8.4.2
[debug] [2020-06-13T15:15:29.337Z] Platform:      win32
[debug] [2020-06-13T15:15:29.337Z] Node Version:  v12.16.1
[debug] [2020-06-13T15:15:29.337Z] Time:          Sat Jun 13 2020 18:15:29 GMT+0300 (Eastern European Summer Time)
[debug] [2020-06-13T15:15:29.338Z] ----------------------------------------------------------------------
[debug] [2020-06-13T15:15:29.338Z] 
[debug] [2020-06-13T15:15:29.344Z] > command requires scopes: ["email","openid","https://www.googleapis.com/auth/cloudplatformprojects.readonly","https://www.googleapis.com/auth/firebase","https://www.googleapis.com/auth/cloud-platform"]
[debug] [2020-06-13T15:15:29.344Z] > authorizing via signed-in user
[debug] [2020-06-13T15:15:29.344Z] [iam] checking project ajanvaraus-fs20 for permissions ["cloudfunctions.functions.create","cloudfunctions.functions.delete","cloudfunctions.functions.get","cloudfunctions.functions.list","cloudfunctions.functions.update","cloudfunctions.operations.get","firebase.projects.get"]
[debug] [2020-06-13T15:15:29.346Z] > refreshing access token with scopes: ["email","https://www.googleapis.com/auth/cloud-platform","https://www.googleapis.com/auth/cloudplatformprojects.readonly","https://www.googleapis.com/auth/firebase","openid"]
[debug] [2020-06-13T15:15:29.347Z] >>> HTTP REQUEST POST https://www.googleapis.com/oauth2/v3/token  
 <request body omitted>
[debug] [2020-06-13T15:15:29.524Z] <<< HTTP RESPONSE 200 {"content-type":"application/json; charset=utf-8","vary":"X-Origin, Referer, Origin,Accept-Encoding","date":"Sat, 13 Jun 2020 15:15:29 GMT","server":"scaffolding on HTTPServer2","cache-control":"private","x-xss-protection":"0","x-frame-options":"SAMEORIGIN","x-content-type-options":"nosniff","alt-svc":"h3-27=\":443\"; ma=2592000,h3-25=\":443\"; ma=2592000,h3-T050=\":443\"; ma=2592000,h3-Q050=\":443\"; ma=2592000,h3-Q049=\":443\"; ma=2592000,h3-Q048=\":443\"; ma=2592000,h3-Q046=\":443\"; ma=2592000,h3-Q043=\":443\"; ma=2592000,quic=\":443\"; ma=2592000; v=\"46,43\"","accept-ranges":"none","transfer-encoding":"chunked"}
[debug] [2020-06-13T15:15:29.533Z] >>> HTTP REQUEST POST https://cloudresourcemanager.googleapis.com/v1/projects/ajanvaraus-fs20:testIamPermissions  
 {"permissions":["cloudfunctions.functions.create","cloudfunctions.functions.delete","cloudfunctions.functions.get","cloudfunctions.functions.list","cloudfunctions.functions.update","cloudfunctions.operations.get","firebase.projects.get"]}
[debug] [2020-06-13T15:15:30.414Z] <<< HTTP RESPONSE 200 {"content-type":"application/json; charset=UTF-8","vary":"X-Origin, Referer, Origin,Accept-Encoding","date":"Sat, 13 Jun 2020 15:15:30 GMT","server":"ESF","cache-control":"private","x-xss-protection":"0","x-frame-options":"SAMEORIGIN","x-content-type-options":"nosniff","server-timing":"gfet4t7; dur=742","alt-svc":"h3-27=\":443\"; ma=2592000,h3-25=\":443\"; ma=2592000,h3-T050=\":443\"; ma=2592000,h3-Q050=\":443\"; ma=2592000,h3-Q049=\":443\"; ma=2592000,h3-Q048=\":443\"; ma=2592000,h3-Q046=\":443\"; ma=2592000,h3-Q043=\":443\"; ma=2592000,quic=\":443\"; ma=2592000; v=\"46,43\"","accept-ranges":"none","transfer-encoding":"chunked"}
[debug] [2020-06-13T15:15:30.415Z] >>> HTTP REQUEST POST https://iam.googleapis.com/v1/projects/ajanvaraus-fs20/serviceAccounts/ajanvaraus-fs20@appspot.gserviceaccount.com:testIamPermissions  
 {"permissions":["iam.serviceAccounts.actAs"]}
[debug] [2020-06-13T15:15:31.288Z] <<< HTTP RESPONSE 200 {"content-type":"application/json; charset=UTF-8","vary":"X-Origin, Referer, Origin,Accept-Encoding","date":"Sat, 13 Jun 2020 15:15:31 GMT","server":"ESF","cache-control":"private","x-xss-protection":"0","x-frame-options":"SAMEORIGIN","x-content-type-options":"nosniff","alt-svc":"h3-27=\":443\"; ma=2592000,h3-25=\":443\"; ma=2592000,h3-T050=\":443\"; ma=2592000,h3-Q050=\":443\"; ma=2592000,h3-Q049=\":443\"; ma=2592000,h3-Q048=\":443\"; ma=2592000,h3-Q046=\":443\"; ma=2592000,h3-Q043=\":443\"; ma=2592000,quic=\":443\"; ma=2592000; v=\"46,43\"","accept-ranges":"none","transfer-encoding":"chunked"}
[warn] !  functions: package.json indicates an outdated version of firebase-functions.
Please upgrade using npm install --save firebase-functions@latest in your functions directory. 
[info] 
[info] === Deploying to 'ajanvaraus-fs20'...
[info] 
[info] i  deploying functions 
[info] Running command: npm --prefix "$RESOURCE_DIR" run lint
[info] +  functions: Finished running predeploy script. 
[debug] [2020-06-13T15:15:34.896Z] > [functions] package.json contents: {
  "name": "functions",
  "description": "Cloud Functions for Firebase",
  "scripts": {
    "lint": "eslint .",
    "serve": "firebase emulators:start --only functions",
    "shell": "firebase functions:shell",
    "start": "npm run shell",
    "deploy": "firebase deploy --only functions",
    "logs": "firebase functions:log"
  },
  "engines": {
    "node": "8"
  },
  "dependencies": {
    "firebase-admin": "^8.9.0",
    "firebase-functions": "^3.3.0",
    "nodemailer": "^6.4.8"
  },
  "devDependencies": {
    "eslint": "^5.12.0",
    "eslint-plugin-promise": "^4.0.1",
    "firebase-functions-test": "^0.1.6"
  },
  "private": true
}
[info] i  functions: ensuring required API cloudfunctions.googleapis.com is enabled... 
[debug] [2020-06-13T15:15:35.965Z] [functions] runtime dependency check dates: warning: 2020-05-21T00:00:00.000Z error: 2020-06-23T00:00:00.000Z
[debug] [2020-06-13T15:15:35.965Z] >>> HTTP REQUEST GET https://serviceusage.googleapis.com/v1/projects/ajanvaraus-fs20/services/cloudfunctions.googleapis.com  
 
[debug] [2020-06-13T15:15:35.966Z] >>> HTTP REQUEST GET https://serviceusage.googleapis.com/v1/projects/ajanvaraus-fs20/services/runtimeconfig.googleapis.com  
 
[debug] [2020-06-13T15:15:36.973Z] <<< HTTP RESPONSE 200 {"content-type":"application/json; charset=UTF-8","vary":"X-Origin, Referer, Origin,Accept-Encoding","date":"Sat, 13 Jun 2020 15:15:37 GMT","server":"ESF","cache-control":"private","x-xss-protection":"0","x-frame-options":"SAMEORIGIN","x-content-type-options":"nosniff","alt-svc":"h3-27=\":443\"; ma=2592000,h3-25=\":443\"; ma=2592000,h3-T050=\":443\"; ma=2592000,h3-Q050=\":443\"; ma=2592000,h3-Q049=\":443\"; ma=2592000,h3-Q048=\":443\"; ma=2592000,h3-Q046=\":443\"; ma=2592000,h3-Q043=\":443\"; ma=2592000,quic=\":443\"; ma=2592000; v=\"46,43\"","accept-ranges":"none","transfer-encoding":"chunked"}
[debug] [2020-06-13T15:15:37.031Z] <<< HTTP RESPONSE 200 {"content-type":"application/json; charset=UTF-8","vary":"X-Origin, Referer, Origin,Accept-Encoding","date":"Sat, 13 Jun 2020 15:15:37 GMT","server":"ESF","cache-control":"private","x-xss-protection":"0","x-frame-options":"SAMEORIGIN","x-content-type-options":"nosniff","alt-svc":"h3-27=\":443\"; ma=2592000,h3-25=\":443\"; ma=2592000,h3-T050=\":443\"; ma=2592000,h3-Q050=\":443\"; ma=2592000,h3-Q049=\":443\"; ma=2592000,h3-Q048=\":443\"; ma=2592000,h3-Q046=\":443\"; ma=2592000,h3-Q043=\":443\"; ma=2592000,quic=\":443\"; ma=2592000; v=\"46,43\"","accept-ranges":"none","transfer-encoding":"chunked"}
[info] +  functions: required API cloudfunctions.googleapis.com is enabled 
[debug] [2020-06-13T15:15:37.033Z] >>> HTTP REQUEST GET https://firebase.googleapis.com/v1beta1/projects/ajanvaraus-fs20/adminSdkConfig  
 
[debug] [2020-06-13T15:15:37.375Z] <<< HTTP RESPONSE 200 {"content-type":"application/json; charset=UTF-8","vary":"X-Origin, Referer, Origin,Accept-Encoding","date":"Sat, 13 Jun 2020 15:15:37 GMT","server":"ESF","cache-control":"private","x-xss-protection":"0","x-frame-options":"SAMEORIGIN","x-content-type-options":"nosniff","alt-svc":"h3-27=\":443\"; ma=2592000,h3-25=\":443\"; ma=2592000,h3-T050=\":443\"; ma=2592000,h3-Q050=\":443\"; ma=2592000,h3-Q049=\":443\"; ma=2592000,h3-Q048=\":443\"; ma=2592000,h3-Q046=\":443\"; ma=2592000,h3-Q043=\":443\"; ma=2592000,quic=\":443\"; ma=2592000; v=\"46,43\"","accept-ranges":"none","transfer-encoding":"chunked"}
[info] i  functions: preparing functions directory for uploading... 
[debug] [2020-06-13T15:15:37.378Z] >>> HTTP REQUEST GET https://runtimeconfig.googleapis.com/v1beta1/projects/ajanvaraus-fs20/configs  
 
[debug] [2020-06-13T15:15:38.677Z] <<< HTTP RESPONSE 200 {"content-type":"application/json; charset=UTF-8","vary":"X-Origin, Referer, Origin,Accept-Encoding","date":"Sat, 13 Jun 2020 15:15:38 GMT","server":"ESF","cache-control":"private","x-xss-protection":"0","x-frame-options":"SAMEORIGIN","x-content-type-options":"nosniff","alt-svc":"h3-27=\":443\"; ma=2592000,h3-25=\":443\"; ma=2592000,h3-T050=\":443\"; ma=2592000,h3-Q050=\":443\"; ma=2592000,h3-Q049=\":443\"; ma=2592000,h3-Q048=\":443\"; ma=2592000,h3-Q046=\":443\"; ma=2592000,h3-Q043=\":443\"; ma=2592000,quic=\":443\"; ma=2592000; v=\"46,43\"","accept-ranges":"none","transfer-encoding":"chunked"}
[debug] [2020-06-13T15:15:38.678Z] >>> HTTP REQUEST GET https://runtimeconfig.googleapis.com/v1beta1/projects/ajanvaraus-fs20/configs/gmail/variables  
 
[debug] [2020-06-13T15:15:39.631Z] <<< HTTP RESPONSE 200 {"content-type":"application/json; charset=UTF-8","vary":"X-Origin, Referer, Origin,Accept-Encoding","date":"Sat, 13 Jun 2020 15:15:39 GMT","server":"ESF","cache-control":"private","x-xss-protection":"0","x-frame-options":"SAMEORIGIN","x-content-type-options":"nosniff","alt-svc":"h3-27=\":443\"; ma=2592000,h3-25=\":443\"; ma=2592000,h3-T050=\":443\"; ma=2592000,h3-Q050=\":443\"; ma=2592000,h3-Q049=\":443\"; ma=2592000,h3-Q048=\":443\"; ma=2592000,h3-Q046=\":443\"; ma=2592000,h3-Q043=\":443\"; ma=2592000,quic=\":443\"; ma=2592000; v=\"46,43\"","accept-ranges":"none","transfer-encoding":"chunked"}
[debug] [2020-06-13T15:15:39.632Z] >>> HTTP REQUEST GET https://runtimeconfig.googleapis.com/v1beta1/projects/ajanvaraus-fs20/configs/gmail/variables/email  
 
[debug] [2020-06-13T15:15:39.632Z] >>> HTTP REQUEST GET https://runtimeconfig.googleapis.com/v1beta1/projects/ajanvaraus-fs20/configs/gmail/variables/password  
 
[debug] [2020-06-13T15:15:40.596Z] <<< HTTP RESPONSE 200 {"content-type":"application/json; charset=UTF-8","vary":"X-Origin, Referer, Origin,Accept-Encoding","date":"Sat, 13 Jun 2020 15:15:40 GMT","server":"ESF","cache-control":"private","x-xss-protection":"0","x-frame-options":"SAMEORIGIN","x-content-type-options":"nosniff","alt-svc":"h3-27=\":443\"; ma=2592000,h3-25=\":443\"; ma=2592000,h3-T050=\":443\"; ma=2592000,h3-Q050=\":443\"; ma=2592000,h3-Q049=\":443\"; ma=2592000,h3-Q048=\":443\"; ma=2592000,h3-Q046=\":443\"; ma=2592000,h3-Q043=\":443\"; ma=2592000,quic=\":443\"; ma=2592000; v=\"46,43\"","accept-ranges":"none","transfer-encoding":"chunked"}
[debug] [2020-06-13T15:15:41.343Z] <<< HTTP RESPONSE 200 {"content-type":"application/json; charset=UTF-8","vary":"X-Origin, Referer, Origin,Accept-Encoding","date":"Sat, 13 Jun 2020 15:15:41 GMT","server":"ESF","cache-control":"private","x-xss-protection":"0","x-frame-options":"SAMEORIGIN","x-content-type-options":"nosniff","alt-svc":"h3-27=\":443\"; ma=2592000,h3-25=\":443\"; ma=2592000,h3-T050=\":443\"; ma=2592000,h3-Q050=\":443\"; ma=2592000,h3-Q049=\":443\"; ma=2592000,h3-Q048=\":443\"; ma=2592000,h3-Q046=\":443\"; ma=2592000,h3-Q043=\":443\"; ma=2592000,quic=\":443\"; ma=2592000; v=\"46,43\"","accept-ranges":"none","transfer-encoding":"chunked"}
[info] i  functions: packaged functions (43.14 KB) for uploading 
[debug] [2020-06-13T15:15:41.528Z] >>> HTTP REQUEST GET https://cloudfunctions.googleapis.com/v1/projects/ajanvaraus-fs20/locations/-/functions  
 
[debug] [2020-06-13T15:15:42.256Z] <<< HTTP RESPONSE 200 {"content-type":"application/json; charset=UTF-8","vary":"X-Origin, Referer, Origin,Accept-Encoding","date":"Sat, 13 Jun 2020 15:15:42 GMT","server":"ESF","cache-control":"private","x-xss-protection":"0","x-frame-options":"SAMEORIGIN","x-content-type-options":"nosniff","alt-svc":"h3-27=\":443\"; ma=2592000,h3-25=\":443\"; ma=2592000,h3-T050=\":443\"; ma=2592000,h3-Q050=\":443\"; ma=2592000,h3-Q049=\":443\"; ma=2592000,h3-Q048=\":443\"; ma=2592000,h3-Q046=\":443\"; ma=2592000,h3-Q043=\":443\"; ma=2592000,quic=\":443\"; ma=2592000; v=\"46,43\"","accept-ranges":"none","transfer-encoding":"chunked"}
[debug] [2020-06-13T15:15:42.258Z] >>> HTTP REQUEST POST https://cloudfunctions.googleapis.com/v1/projects/ajanvaraus-fs20/locations/us-central1/functions:generateUploadUrl  
 
[debug] [2020-06-13T15:15:43.159Z] <<< HTTP RESPONSE 200 {"content-type":"application/json; charset=UTF-8","vary":"X-Origin, Referer, Origin,Accept-Encoding","date":"Sat, 13 Jun 2020 15:15:43 GMT","server":"ESF","cache-control":"private","x-xss-protection":"0","x-frame-options":"SAMEORIGIN","x-content-type-options":"nosniff","alt-svc":"h3-27=\":443\"; ma=2592000,h3-25=\":443\"; ma=2592000,h3-T050=\":443\"; ma=2592000,h3-Q050=\":443\"; ma=2592000,h3-Q049=\":443\"; ma=2592000,h3-Q048=\":443\"; ma=2592000,h3-Q046=\":443\"; ma=2592000,h3-Q043=\":443\"; ma=2592000,quic=\":443\"; ma=2592000; v=\"46,43\"","accept-ranges":"none","transfer-encoding":"chunked"}
[debug] [2020-06-13T15:15:43.159Z] >>> HTTP REQUEST PUT https://storage.googleapis.com/gcf-upload-us-central1-1bb69912-ee8f-4892-a163-7d148a93d424/91471949-96e2-4759-b822-d2400c268c19.zip?GoogleAccessId=service-202410407348@gcf-admin-robot.iam.gserviceaccount.com&Expires=1592063143&Signature=HKVsE%2BLBUBqh2wd8ZEiASkHw2LbrjgEzAA50B%2BOOt%2BrVNzgK6ySMOexWiBkk%2BwqKvAk6wT5neiRUCAee5NJwAs8fdd0FNjZ0dMKUUdbZHkgt3tgpmutioiJmTyjOX5o%2FWrSU1uU40gAYvoVd9gtaqNGQ4zFq9dUgpzHl0Mx3HpP%2Fm%2FCN4JezQtYWDrbHR0cQDmd5zjLaPJiM%2BBQxdIsGNFMQOzD7ihX5In3ATj1xN8ZPlenkXOaZ21UxVZcDS1tvQd1NMQ8cuJNfah8hHQJ3p4RwLvcMnGwj1QlZ4WtXE7%2FvawAu1WSTLbDL%2BE5SOCIuGN7YhHVrPN1qLvf1thyHdw%3D%3D  
 <request body omitted>
[debug] [2020-06-13T15:15:43.703Z] <<< HTTP RESPONSE 200 {"x-guploader-uploadid":"AAANsUnqBqY43QLDAo6aQWW6xNE5WTB7PggGs6ZJCKbdhIW68z90EiRma8wqelOT0E-c9qIcremVM4jAZB1VlOPmWks","etag":"\"d40b25245b7f5d301aceb5946429e60b\"","x-goog-generation":"1592061343727312","x-goog-metageneration":"1","x-goog-hash":"crc32c=L1mP/A==, md5=1AslJFt/XTAazrWUZCnmCw==","x-goog-stored-content-length":"44174","x-goog-stored-content-encoding":"identity","vary":"Origin","content-length":"0","date":"Sat, 13 Jun 2020 15:15:43 GMT","server":"UploadServer","content-type":"text/html; charset=UTF-8","alt-svc":"h3-27=\":443\"; ma=2592000,h3-25=\":443\"; ma=2592000,h3-T050=\":443\"; ma=2592000,h3-Q050=\":443\"; ma=2592000,h3-Q049=\":443\"; ma=2592000,h3-Q048=\":443\"; ma=2592000,h3-Q046=\":443\"; ma=2592000,h3-Q043=\":443\"; ma=2592000,quic=\":443\"; ma=2592000; v=\"46,43\""}
[info] +  functions: functions folder uploaded successfully 
[info] i  functions: updating Node.js 8 function getSubCollections(europe-west3)... 
[debug] [2020-06-13T15:15:43.706Z] Trigger is:  {"httpsTrigger":{}}
[info] i  functions: updating Node.js 8 function sendMail(europe-west3)... 
[debug] [2020-06-13T15:15:43.706Z] Trigger is:  {"httpsTrigger":{}}
[info] i  functions: updating Node.js 8 function sendNewBookingEmailToSystem(europe-west3)... 
[debug] [2020-06-13T15:15:43.707Z] Trigger is:  {"eventTrigger":{"resource":"projects/ajanvaraus-fs20/databases/(default)/documents/{bookerAddress}/bookings/{yearID}/{dayID}","eventType":"providers/cloud.firestore/eventTypes/document.create","service":"firestore.googleapis.com"}}
[info] i  functions: updating Node.js 8 function sendEmailToSystemOnDayEdit(europe-west3)... 
[debug] [2020-06-13T15:15:43.707Z] Trigger is:  {"eventTrigger":{"resource":"projects/ajanvaraus-fs20/databases/(default)/documents/{bookerAddress}/bookings/{yearID}/{dayID}","eventType":"providers/cloud.firestore/eventTypes/document.write","service":"firestore.googleapis.com"}}
[debug] [2020-06-13T15:15:43.708Z] >>> HTTP REQUEST GET https://serviceusage.googleapis.com/v1/projects/ajanvaraus-fs20/services/cloudscheduler.googleapis.com  
 
[debug] [2020-06-13T15:15:44.640Z] <<< HTTP RESPONSE 200 {"content-type":"application/json; charset=UTF-8","vary":"X-Origin, Referer, Origin,Accept-Encoding","date":"Sat, 13 Jun 2020 15:15:44 GMT","server":"ESF","cache-control":"private","x-xss-protection":"0","x-frame-options":"SAMEORIGIN","x-content-type-options":"nosniff","alt-svc":"h3-27=\":443\"; ma=2592000,h3-25=\":443\"; ma=2592000,h3-T050=\":443\"; ma=2592000,h3-Q050=\":443\"; ma=2592000,h3-Q049=\":443\"; ma=2592000,h3-Q048=\":443\"; ma=2592000,h3-Q046=\":443\"; ma=2592000,h3-Q043=\":443\"; ma=2592000,quic=\":443\"; ma=2592000; v=\"46,43\"","accept-ranges":"none","transfer-encoding":"chunked"}
[debug] [2020-06-13T15:15:44.642Z] >>> HTTP REQUEST PATCH https://cloudfunctions.googleapis.com/v1/projects/ajanvaraus-fs20/locations/europe-west3/functions/getSubCollections {"updateMask":"sourceUploadUrl,name,labels,runtime,environmentVariables,httpsTrigger"} 
 {"sourceUploadUrl":"https://storage.googleapis.com/gcf-upload-us-central1-1bb69912-ee8f-4892-a163-7d148a93d424/91471949-96e2-4759-b822-d2400c268c19.zip?GoogleAccessId=service-202410407348@gcf-admin-robot.iam.gserviceaccount.com&Expires=1592063143&Signature=HKVsE%2BLBUBqh2wd8ZEiASkHw2LbrjgEzAA50B%2BOOt%2BrVNzgK6ySMOexWiBkk%2BwqKvAk6wT5neiRUCAee5NJwAs8fdd0FNjZ0dMKUUdbZHkgt3tgpmutioiJmTyjOX5o%2FWrSU1uU40gAYvoVd9gtaqNGQ4zFq9dUgpzHl0Mx3HpP%2Fm%2FCN4JezQtYWDrbHR0cQDmd5zjLaPJiM%2BBQxdIsGNFMQOzD7ihX5In3ATj1xN8ZPlenkXOaZ21UxVZcDS1tvQd1NMQ8cuJNfah8hHQJ3p4RwLvcMnGwj1QlZ4WtXE7%2FvawAu1WSTLbDL%2BE5SOCIuGN7YhHVrPN1qLvf1thyHdw%3D%3D","name":"projects/ajanvaraus-fs20/locations/europe-west3/functions/getSubCollections","labels":{"deployment-tool":"cli-firebase","deployment-callable":"true"},"httpsTrigger":{},"runtime":"nodejs8","environmentVariables":{"FIREBASE_CONFIG":"{\"projectId\":\"ajanvaraus-fs20\",\"databaseURL\":\"https://ajanvaraus-fs20.firebaseio.com\",\"storageBucket\":\"ajanvaraus-fs20.appspot.com\",\"locationId\":\"europe-west\"}"}}
[debug] [2020-06-13T15:15:44.642Z] >>> HTTP REQUEST PATCH https://cloudfunctions.googleapis.com/v1/projects/ajanvaraus-fs20/locations/europe-west3/functions/sendMail {"updateMask":"sourceUploadUrl,name,labels,runtime,environmentVariables,httpsTrigger"} 
 {"sourceUploadUrl":"https://storage.googleapis.com/gcf-upload-us-central1-1bb69912-ee8f-4892-a163-7d148a93d424/91471949-96e2-4759-b822-d2400c268c19.zip?GoogleAccessId=service-202410407348@gcf-admin-robot.iam.gserviceaccount.com&Expires=1592063143&Signature=HKVsE%2BLBUBqh2wd8ZEiASkHw2LbrjgEzAA50B%2BOOt%2BrVNzgK6ySMOexWiBkk%2BwqKvAk6wT5neiRUCAee5NJwAs8fdd0FNjZ0dMKUUdbZHkgt3tgpmutioiJmTyjOX5o%2FWrSU1uU40gAYvoVd9gtaqNGQ4zFq9dUgpzHl0Mx3HpP%2Fm%2FCN4JezQtYWDrbHR0cQDmd5zjLaPJiM%2BBQxdIsGNFMQOzD7ihX5In3ATj1xN8ZPlenkXOaZ21UxVZcDS1tvQd1NMQ8cuJNfah8hHQJ3p4RwLvcMnGwj1QlZ4WtXE7%2FvawAu1WSTLbDL%2BE5SOCIuGN7YhHVrPN1qLvf1thyHdw%3D%3D","name":"projects/ajanvaraus-fs20/locations/europe-west3/functions/sendMail","labels":{"deployment-tool":"cli-firebase"},"httpsTrigger":{},"runtime":"nodejs8","environmentVariables":{"FIREBASE_CONFIG":"{\"projectId\":\"ajanvaraus-fs20\",\"databaseURL\":\"https://ajanvaraus-fs20.firebaseio.com\",\"storageBucket\":\"ajanvaraus-fs20.appspot.com\",\"locationId\":\"europe-west\"}"}}
[debug] [2020-06-13T15:15:44.643Z] >>> HTTP REQUEST PATCH https://cloudfunctions.googleapis.com/v1/projects/ajanvaraus-fs20/locations/europe-west3/functions/sendNewBookingEmailToSystem {"updateMask":"sourceUploadUrl,name,labels,runtime,environmentVariables,eventTrigger.resource,eventTrigger.eventType,eventTrigger.service"} 
 {"sourceUploadUrl":"https://storage.googleapis.com/gcf-upload-us-central1-1bb69912-ee8f-4892-a163-7d148a93d424/91471949-96e2-4759-b822-d2400c268c19.zip?GoogleAccessId=service-202410407348@gcf-admin-robot.iam.gserviceaccount.com&Expires=1592063143&Signature=HKVsE%2BLBUBqh2wd8ZEiASkHw2LbrjgEzAA50B%2BOOt%2BrVNzgK6ySMOexWiBkk%2BwqKvAk6wT5neiRUCAee5NJwAs8fdd0FNjZ0dMKUUdbZHkgt3tgpmutioiJmTyjOX5o%2FWrSU1uU40gAYvoVd9gtaqNGQ4zFq9dUgpzHl0Mx3HpP%2Fm%2FCN4JezQtYWDrbHR0cQDmd5zjLaPJiM%2BBQxdIsGNFMQOzD7ihX5In3ATj1xN8ZPlenkXOaZ21UxVZcDS1tvQd1NMQ8cuJNfah8hHQJ3p4RwLvcMnGwj1QlZ4WtXE7%2FvawAu1WSTLbDL%2BE5SOCIuGN7YhHVrPN1qLvf1thyHdw%3D%3D","name":"projects/ajanvaraus-fs20/locations/europe-west3/functions/sendNewBookingEmailToSystem","labels":{"deployment-tool":"cli-firebase"},"eventTrigger":{"resource":"projects/ajanvaraus-fs20/databases/(default)/documents/{bookerAddress}/bookings/{yearID}/{dayID}","eventType":"providers/cloud.firestore/eventTypes/document.create","service":"firestore.googleapis.com"},"runtime":"nodejs8","environmentVariables":{"FIREBASE_CONFIG":"{\"projectId\":\"ajanvaraus-fs20\",\"databaseURL\":\"https://ajanvaraus-fs20.firebaseio.com\",\"storageBucket\":\"ajanvaraus-fs20.appspot.com\",\"locationId\":\"europe-west\"}"}}
[debug] [2020-06-13T15:15:44.643Z] >>> HTTP REQUEST PATCH https://cloudfunctions.googleapis.com/v1/projects/ajanvaraus-fs20/locations/europe-west3/functions/sendEmailToSystemOnDayEdit {"updateMask":"sourceUploadUrl,name,labels,runtime,environmentVariables,eventTrigger.resource,eventTrigger.eventType,eventTrigger.service"} 
 {"sourceUploadUrl":"https://storage.googleapis.com/gcf-upload-us-central1-1bb69912-ee8f-4892-a163-7d148a93d424/91471949-96e2-4759-b822-d2400c268c19.zip?GoogleAccessId=service-202410407348@gcf-admin-robot.iam.gserviceaccount.com&Expires=1592063143&Signature=HKVsE%2BLBUBqh2wd8ZEiASkHw2LbrjgEzAA50B%2BOOt%2BrVNzgK6ySMOexWiBkk%2BwqKvAk6wT5neiRUCAee5NJwAs8fdd0FNjZ0dMKUUdbZHkgt3tgpmutioiJmTyjOX5o%2FWrSU1uU40gAYvoVd9gtaqNGQ4zFq9dUgpzHl0Mx3HpP%2Fm%2FCN4JezQtYWDrbHR0cQDmd5zjLaPJiM%2BBQxdIsGNFMQOzD7ihX5In3ATj1xN8ZPlenkXOaZ21UxVZcDS1tvQd1NMQ8cuJNfah8hHQJ3p4RwLvcMnGwj1QlZ4WtXE7%2FvawAu1WSTLbDL%2BE5SOCIuGN7YhHVrPN1qLvf1thyHdw%3D%3D","name":"projects/ajanvaraus-fs20/locations/europe-west3/functions/sendEmailToSystemOnDayEdit","labels":{"deployment-tool":"cli-firebase"},"eventTrigger":{"resource":"projects/ajanvaraus-fs20/databases/(default)/documents/{bookerAddress}/bookings/{yearID}/{dayID}","eventType":"providers/cloud.firestore/eventTypes/document.write","service":"firestore.googleapis.com"},"runtime":"nodejs8","environmentVariables":{"FIREBASE_CONFIG":"{\"projectId\":\"ajanvaraus-fs20\",\"databaseURL\":\"https://ajanvaraus-fs20.firebaseio.com\",\"storageBucket\":\"ajanvaraus-fs20.appspot.com\",\"locationId\":\"europe-west\"}"}}
[debug] [2020-06-13T15:15:45.489Z] <<< HTTP RESPONSE 200 {"content-type":"application/json; charset=UTF-8","vary":"X-Origin, Referer, Origin,Accept-Encoding","date":"Sat, 13 Jun 2020 15:15:45 GMT","server":"ESF","cache-control":"private","x-xss-protection":"0","x-frame-options":"SAMEORIGIN","x-content-type-options":"nosniff","alt-svc":"h3-27=\":443\"; ma=2592000,h3-25=\":443\"; ma=2592000,h3-T050=\":443\"; ma=2592000,h3-Q050=\":443\"; ma=2592000,h3-Q049=\":443\"; ma=2592000,h3-Q048=\":443\"; ma=2592000,h3-Q046=\":443\"; ma=2592000,h3-Q043=\":443\"; ma=2592000,quic=\":443\"; ma=2592000; v=\"46,43\"","accept-ranges":"none","transfer-encoding":"chunked"}
[debug] [2020-06-13T15:15:45.490Z] <<< HTTP RESPONSE 200 {"content-type":"application/json; charset=UTF-8","vary":"X-Origin, Referer, Origin,Accept-Encoding","date":"Sat, 13 Jun 2020 15:15:45 GMT","server":"ESF","cache-control":"private","x-xss-protection":"0","x-frame-options":"SAMEORIGIN","x-content-type-options":"nosniff","alt-svc":"h3-27=\":443\"; ma=2592000,h3-25=\":443\"; ma=2592000,h3-T050=\":443\"; ma=2592000,h3-Q050=\":443\"; ma=2592000,h3-Q049=\":443\"; ma=2592000,h3-Q048=\":443\"; ma=2592000,h3-Q046=\":443\"; ma=2592000,h3-Q043=\":443\"; ma=2592000,quic=\":443\"; ma=2592000; v=\"46,43\"","accept-ranges":"none","transfer-encoding":"chunked"}
[debug] [2020-06-13T15:15:45.500Z] <<< HTTP RESPONSE 200 {"content-type":"application/json; charset=UTF-8","vary":"X-Origin, Referer, Origin,Accept-Encoding","date":"Sat, 13 Jun 2020 15:15:45 GMT","server":"ESF","cache-control":"private","x-xss-protection":"0","x-frame-options":"SAMEORIGIN","x-content-type-options":"nosniff","alt-svc":"h3-27=\":443\"; ma=2592000,h3-25=\":443\"; ma=2592000,h3-T050=\":443\"; ma=2592000,h3-Q050=\":443\"; ma=2592000,h3-Q049=\":443\"; ma=2592000,h3-Q048=\":443\"; ma=2592000,h3-Q046=\":443\"; ma=2592000,h3-Q043=\":443\"; ma=2592000,quic=\":443\"; ma=2592000; v=\"46,43\"","accept-ranges":"none","transfer-encoding":"chunked"}
[debug] [2020-06-13T15:15:45.511Z] <<< HTTP RESPONSE 200 {"content-type":"application/json; charset=UTF-8","vary":"X-Origin, Referer, Origin,Accept-Encoding","date":"Sat, 13 Jun 2020 15:15:45 GMT","server":"ESF","cache-control":"private","x-xss-protection":"0","x-frame-options":"SAMEORIGIN","x-content-type-options":"nosniff","alt-svc":"h3-27=\":443\"; ma=2592000,h3-25=\":443\"; ma=2592000,h3-T050=\":443\"; ma=2592000,h3-Q050=\":443\"; ma=2592000,h3-Q049=\":443\"; ma=2592000,h3-Q048=\":443\"; ma=2592000,h3-Q046=\":443\"; ma=2592000,h3-Q043=\":443\"; ma=2592000,quic=\":443\"; ma=2592000; v=\"46,43\"","accept-ranges":"none","transfer-encoding":"chunked"}
[debug] [2020-06-13T15:15:45.512Z] >>> HTTP REQUEST GET https://cloudfunctions.googleapis.com/v1/projects/ajanvaraus-fs20/locations/-/functions  
 
[debug] [2020-06-13T15:15:46.156Z] <<< HTTP RESPONSE 200 {"content-type":"application/json; charset=UTF-8","vary":"X-Origin, Referer, Origin,Accept-Encoding","date":"Sat, 13 Jun 2020 15:15:46 GMT","server":"ESF","cache-control":"private","x-xss-protection":"0","x-frame-options":"SAMEORIGIN","x-content-type-options":"nosniff","alt-svc":"h3-27=\":443\"; ma=2592000,h3-25=\":443\"; ma=2592000,h3-T050=\":443\"; ma=2592000,h3-Q050=\":443\"; ma=2592000,h3-Q049=\":443\"; ma=2592000,h3-Q048=\":443\"; ma=2592000,h3-Q046=\":443\"; ma=2592000,h3-Q043=\":443\"; ma=2592000,quic=\":443\"; ma=2592000; v=\"46,43\"","accept-ranges":"none","transfer-encoding":"chunked"}
[debug] [2020-06-13T15:15:46.157Z] >>> HTTP REQUEST GET https://cloudfunctions.googleapis.com/v1/operations/YWphbnZhcmF1cy1mczIwL2V1cm9wZS13ZXN0My9nZXRTdWJDb2xsZWN0aW9ucy80eFVkMVZSSVRCdw  
 
[debug] [2020-06-13T15:15:46.159Z] >>> HTTP REQUEST GET https://cloudfunctions.googleapis.com/v1/operations/YWphbnZhcmF1cy1mczIwL2V1cm9wZS13ZXN0My9zZW5kTWFpbC9DZUVPOGlNbmF2NA  
 
[debug] [2020-06-13T15:15:46.159Z] >>> HTTP REQUEST GET https://cloudfunctions.googleapis.com/v1/operations/YWphbnZhcmF1cy1mczIwL2V1cm9wZS13ZXN0My9zZW5kTmV3Qm9va2luZ0VtYWlsVG9TeXN0ZW0valNvWlIxZGU3SWs  
 
[debug] [2020-06-13T15:15:46.159Z] >>> HTTP REQUEST GET https://cloudfunctions.googleapis.com/v1/operations/YWphbnZhcmF1cy1mczIwL2V1cm9wZS13ZXN0My9zZW5kRW1haWxUb1N5c3RlbU9uRGF5RWRpdC9acFU3TUVMVmRNUQ  
 
[debug] [2020-06-13T15:15:46.525Z] <<< HTTP RESPONSE 200 {"content-type":"application/json; charset=UTF-8","vary":"X-Origin, Referer, Origin,Accept-Encoding","date":"Sat, 13 Jun 2020 15:15:46 GMT","server":"ESF","cache-control":"private","x-xss-protection":"0","x-frame-options":"SAMEORIGIN","x-content-type-options":"nosniff","alt-svc":"h3-27=\":443\"; ma=2592000,h3-25=\":443\"; ma=2592000,h3-T050=\":443\"; ma=2592000,h3-Q050=\":443\"; ma=2592000,h3-Q049=\":443\"; ma=2592000,h3-Q048=\":443\"; ma=2592000,h3-Q046=\":443\"; ma=2592000,h3-Q043=\":443\"; ma=2592000,quic=\":443\"; ma=2592000; v=\"46,43\"","accept-ranges":"none","transfer-encoding":"chunked"}
[debug] [2020-06-13T15:15:46.527Z] <<< HTTP RESPONSE 200 {"content-type":"application/json; charset=UTF-8","vary":"X-Origin, Referer, Origin,Accept-Encoding","date":"Sat, 13 Jun 2020 15:15:46 GMT","server":"ESF","cache-control":"private","x-xss-protection":"0","x-frame-options":"SAMEORIGIN","x-content-type-options":"nosniff","alt-svc":"h3-27=\":443\"; ma=2592000,h3-25=\":443\"; ma=2592000,h3-T050=\":443\"; ma=2592000,h3-Q050=\":443\"; ma=2592000,h3-Q049=\":443\"; ma=2592000,h3-Q048=\":443\"; ma=2592000,h3-Q046=\":443\"; ma=2592000,h3-Q043=\":443\"; ma=2592000,quic=\":443\"; ma=2592000; v=\"46,43\"","accept-ranges":"none","transfer-encoding":"chunked"}
[debug] [2020-06-13T15:15:46.527Z] <<< HTTP RESPONSE 200 {"content-type":"application/json; charset=UTF-8","vary":"X-Origin, Referer, Origin,Accept-Encoding","date":"Sat, 13 Jun 2020 15:15:46 GMT","server":"ESF","cache-control":"private","x-xss-protection":"0","x-frame-options":"SAMEORIGIN","x-content-type-options":"nosniff","alt-svc":"h3-27=\":443\"; ma=2592000,h3-25=\":443\"; ma=2592000,h3-T050=\":443\"; ma=2592000,h3-Q050=\":443\"; ma=2592000,h3-Q049=\":443\"; ma=2592000,h3-Q048=\":443\"; ma=2592000,h3-Q046=\":443\"; ma=2592000,h3-Q043=\":443\"; ma=2592000,quic=\":443\"; ma=2592000; v=\"46,43\"","accept-ranges":"none","transfer-encoding":"chunked"}
[debug] [2020-06-13T15:15:46.535Z] <<< HTTP RESPONSE 200 {"content-type":"application/json; charset=UTF-8","vary":"X-Origin, Referer, Origin,Accept-Encoding","date":"Sat, 13 Jun 2020 15:15:46 GMT","server":"ESF","cache-control":"private","x-xss-protection":"0","x-frame-options":"SAMEORIGIN","x-content-type-options":"nosniff","alt-svc":"h3-27=\":443\"; ma=2592000,h3-25=\":443\"; ma=2592000,h3-T050=\":443\"; ma=2592000,h3-Q050=\":443\"; ma=2592000,h3-Q049=\":443\"; ma=2592000,h3-Q048=\":443\"; ma=2592000,h3-Q046=\":443\"; ma=2592000,h3-Q043=\":443\"; ma=2592000,quic=\":443\"; ma=2592000; v=\"46,43\"","accept-ranges":"none","transfer-encoding":"chunked"}
[debug] [2020-06-13T15:15:48.525Z] >>> HTTP REQUEST GET https://cloudfunctions.googleapis.com/v1/operations/YWphbnZhcmF1cy1mczIwL2V1cm9wZS13ZXN0My9nZXRTdWJDb2xsZWN0aW9ucy80eFVkMVZSSVRCdw  
 
[debug] [2020-06-13T15:15:48.527Z] >>> HTTP REQUEST GET https://cloudfunctions.googleapis.com/v1/operations/YWphbnZhcmF1cy1mczIwL2V1cm9wZS13ZXN0My9zZW5kRW1haWxUb1N5c3RlbU9uRGF5RWRpdC9acFU3TUVMVmRNUQ  
 
[debug] [2020-06-13T15:15:48.527Z] >>> HTTP REQUEST GET https://cloudfunctions.googleapis.com/v1/operations/YWphbnZhcmF1cy1mczIwL2V1cm9wZS13ZXN0My9zZW5kTWFpbC9DZUVPOGlNbmF2NA  
 
[debug] [2020-06-13T15:15:48.535Z] >>> HTTP REQUEST GET https://cloudfunctions.googleapis.com/v1/operations/YWphbnZhcmF1cy1mczIwL2V1cm9wZS13ZXN0My9zZW5kTmV3Qm9va2luZ0VtYWlsVG9TeXN0ZW0valNvWlIxZGU3SWs  
 
[debug] [2020-06-13T15:15:48.881Z] <<< HTTP RESPONSE 200 {"content-type":"application/json; charset=UTF-8","vary":"X-Origin, Referer, Origin,Accept-Encoding","date":"Sat, 13 Jun 2020 15:15:48 GMT","server":"ESF","cache-control":"private","x-xss-protection":"0","x-frame-options":"SAMEORIGIN","x-content-type-options":"nosniff","alt-svc":"h3-27=\":443\"; ma=2592000,h3-25=\":443\"; ma=2592000,h3-T050=\":443\"; ma=2592000,h3-Q050=\":443\"; ma=2592000,h3-Q049=\":443\"; ma=2592000,h3-Q048=\":443\"; ma=2592000,h3-Q046=\":443\"; ma=2592000,h3-Q043=\":443\"; ma=2592000,quic=\":443\"; ma=2592000; v=\"46,43\"","accept-ranges":"none","transfer-encoding":"chunked"}
[debug] [2020-06-13T15:15:48.892Z] <<< HTTP RESPONSE 200 {"content-type":"application/json; charset=UTF-8","vary":"X-Origin, Referer, Origin,Accept-Encoding","date":"Sat, 13 Jun 2020 15:15:48 GMT","server":"ESF","cache-control":"private","x-xss-protection":"0","x-frame-options":"SAMEORIGIN","x-content-type-options":"nosniff","alt-svc":"h3-27=\":443\"; ma=2592000,h3-25=\":443\"; ma=2592000,h3-T050=\":443\"; ma=2592000,h3-Q050=\":443\"; ma=2592000,h3-Q049=\":443\"; ma=2592000,h3-Q048=\":443\"; ma=2592000,h3-Q046=\":443\"; ma=2592000,h3-Q043=\":443\"; ma=2592000,quic=\":443\"; ma=2592000; v=\"46,43\"","accept-ranges":"none","transfer-encoding":"chunked"}
[debug] [2020-06-13T15:15:48.901Z] <<< HTTP RESPONSE 200 {"content-type":"application/json; charset=UTF-8","vary":"X-Origin, Referer, Origin,Accept-Encoding","date":"Sat, 13 Jun 2020 15:15:48 GMT","server":"ESF","cache-control":"private","x-xss-protection":"0","x-frame-options":"SAMEORIGIN","x-content-type-options":"nosniff","alt-svc":"h3-27=\":443\"; ma=2592000,h3-25=\":443\"; ma=2592000,h3-T050=\":443\"; ma=2592000,h3-Q050=\":443\"; ma=2592000,h3-Q049=\":443\"; ma=2592000,h3-Q048=\":443\"; ma=2592000,h3-Q046=\":443\"; ma=2592000,h3-Q043=\":443\"; ma=2592000,quic=\":443\"; ma=2592000; v=\"46,43\"","accept-ranges":"none","transfer-encoding":"chunked"}
[debug] [2020-06-13T15:15:48.908Z] <<< HTTP RESPONSE 200 {"content-type":"application/json; charset=UTF-8","vary":"X-Origin, Referer, Origin,Accept-Encoding","date":"Sat, 13 Jun 2020 15:15:48 GMT","server":"ESF","cache-control":"private","x-xss-protection":"0","x-frame-options":"SAMEORIGIN","x-content-type-options":"nosniff","alt-svc":"h3-27=\":443\"; ma=2592000,h3-25=\":443\"; ma=2592000,h3-T050=\":443\"; ma=2592000,h3-Q050=\":443\"; ma=2592000,h3-Q049=\":443\"; ma=2592000,h3-Q048=\":443\"; ma=2592000,h3-Q046=\":443\"; ma=2592000,h3-Q043=\":443\"; ma=2592000,quic=\":443\"; ma=2592000; v=\"46,43\"","accept-ranges":"none","transfer-encoding":"chunked"}
[debug] [2020-06-13T15:15:50.882Z] >>> HTTP REQUEST GET https://cloudfunctions.googleapis.com/v1/operations/YWphbnZhcmF1cy1mczIwL2V1cm9wZS13ZXN0My9zZW5kRW1haWxUb1N5c3RlbU9uRGF5RWRpdC9acFU3TUVMVmRNUQ  
 
[debug] [2020-06-13T15:15:50.892Z] >>> HTTP REQUEST GET https://cloudfunctions.googleapis.com/v1/operations/YWphbnZhcmF1cy1mczIwL2V1cm9wZS13ZXN0My9zZW5kTWFpbC9DZUVPOGlNbmF2NA  
 
[debug] [2020-06-13T15:15:50.902Z] >>> HTTP REQUEST GET https://cloudfunctions.googleapis.com/v1/operations/YWphbnZhcmF1cy1mczIwL2V1cm9wZS13ZXN0My9zZW5kTmV3Qm9va2luZ0VtYWlsVG9TeXN0ZW0valNvWlIxZGU3SWs  
 
[debug] [2020-06-13T15:15:50.909Z] >>> HTTP REQUEST GET https://cloudfunctions.googleapis.com/v1/operations/YWphbnZhcmF1cy1mczIwL2V1cm9wZS13ZXN0My9nZXRTdWJDb2xsZWN0aW9ucy80eFVkMVZSSVRCdw  
 
[debug] [2020-06-13T15:15:51.242Z] <<< HTTP RESPONSE 200 {"content-type":"application/json; charset=UTF-8","vary":"X-Origin, Referer, Origin,Accept-Encoding","date":"Sat, 13 Jun 2020 15:15:51 GMT","server":"ESF","cache-control":"private","x-xss-protection":"0","x-frame-options":"SAMEORIGIN","x-content-type-options":"nosniff","alt-svc":"h3-27=\":443\"; ma=2592000,h3-25=\":443\"; ma=2592000,h3-T050=\":443\"; ma=2592000,h3-Q050=\":443\"; ma=2592000,h3-Q049=\":443\"; ma=2592000,h3-Q048=\":443\"; ma=2592000,h3-Q046=\":443\"; ma=2592000,h3-Q043=\":443\"; ma=2592000,quic=\":443\"; ma=2592000; v=\"46,43\"","accept-ranges":"none","transfer-encoding":"chunked"}
[debug] [2020-06-13T15:15:51.245Z] <<< HTTP RESPONSE 200 {"content-type":"application/json; charset=UTF-8","vary":"X-Origin, Referer, Origin,Accept-Encoding","date":"Sat, 13 Jun 2020 15:15:51 GMT","server":"ESF","cache-control":"private","x-xss-protection":"0","x-frame-options":"SAMEORIGIN","x-content-type-options":"nosniff","alt-svc":"h3-27=\":443\"; ma=2592000,h3-25=\":443\"; ma=2592000,h3-T050=\":443\"; ma=2592000,h3-Q050=\":443\"; ma=2592000,h3-Q049=\":443\"; ma=2592000,h3-Q048=\":443\"; ma=2592000,h3-Q046=\":443\"; ma=2592000,h3-Q043=\":443\"; ma=2592000,quic=\":443\"; ma=2592000; v=\"46,43\"","accept-ranges":"none","transfer-encoding":"chunked"}
[debug] [2020-06-13T15:15:51.256Z] <<< HTTP RESPONSE 200 {"content-type":"application/json; charset=UTF-8","vary":"X-Origin, Referer, Origin,Accept-Encoding","date":"Sat, 13 Jun 2020 15:15:51 GMT","server":"ESF","cache-control":"private","x-xss-protection":"0","x-frame-options":"SAMEORIGIN","x-content-type-options":"nosniff","alt-svc":"h3-27=\":443\"; ma=2592000,h3-25=\":443\"; ma=2592000,h3-T050=\":443\"; ma=2592000,h3-Q050=\":443\"; ma=2592000,h3-Q049=\":443\"; ma=2592000,h3-Q048=\":443\"; ma=2592000,h3-Q046=\":443\"; ma=2592000,h3-Q043=\":443\"; ma=2592000,quic=\":443\"; ma=2592000; v=\"46,43\"","accept-ranges":"none","transfer-encoding":"chunked"}
[debug] [2020-06-13T15:15:51.257Z] <<< HTTP RESPONSE 200 {"content-type":"application/json; charset=UTF-8","vary":"X-Origin, Referer, Origin,Accept-Encoding","date":"Sat, 13 Jun 2020 15:15:51 GMT","server":"ESF","cache-control":"private","x-xss-protection":"0","x-frame-options":"SAMEORIGIN","x-content-type-options":"nosniff","alt-svc":"h3-27=\":443\"; ma=2592000,h3-25=\":443\"; ma=2592000,h3-T050=\":443\"; ma=2592000,h3-Q050=\":443\"; ma=2592000,h3-Q049=\":443\"; ma=2592000,h3-Q048=\":443\"; ma=2592000,h3-Q046=\":443\"; ma=2592000,h3-Q043=\":443\"; ma=2592000,quic=\":443\"; ma=2592000; v=\"46,43\"","accept-ranges":"none","transfer-encoding":"chunked"}
[debug] [2020-06-13T15:15:53.242Z] >>> HTTP REQUEST GET https://cloudfunctions.googleapis.com/v1/operations/YWphbnZhcmF1cy1mczIwL2V1cm9wZS13ZXN0My9zZW5kRW1haWxUb1N5c3RlbU9uRGF5RWRpdC9acFU3TUVMVmRNUQ  
 
[debug] [2020-06-13T15:15:53.246Z] >>> HTTP REQUEST GET https://cloudfunctions.googleapis.com/v1/operations/YWphbnZhcmF1cy1mczIwL2V1cm9wZS13ZXN0My9nZXRTdWJDb2xsZWN0aW9ucy80eFVkMVZSSVRCdw  
 
[debug] [2020-06-13T15:15:53.256Z] >>> HTTP REQUEST GET https://cloudfunctions.googleapis.com/v1/operations/YWphbnZhcmF1cy1mczIwL2V1cm9wZS13ZXN0My9zZW5kTWFpbC9DZUVPOGlNbmF2NA  
 
[debug] [2020-06-13T15:15:53.257Z] >>> HTTP REQUEST GET https://cloudfunctions.googleapis.com/v1/operations/YWphbnZhcmF1cy1mczIwL2V1cm9wZS13ZXN0My9zZW5kTmV3Qm9va2luZ0VtYWlsVG9TeXN0ZW0valNvWlIxZGU3SWs  
 
[debug] [2020-06-13T15:15:53.448Z] <<< HTTP RESPONSE 200 {"content-type":"application/json; charset=UTF-8","vary":"X-Origin, Referer, Origin,Accept-Encoding","date":"Sat, 13 Jun 2020 15:15:53 GMT","server":"ESF","cache-control":"private","x-xss-protection":"0","x-frame-options":"SAMEORIGIN","x-content-type-options":"nosniff","alt-svc":"h3-27=\":443\"; ma=2592000,h3-25=\":443\"; ma=2592000,h3-T050=\":443\"; ma=2592000,h3-Q050=\":443\"; ma=2592000,h3-Q049=\":443\"; ma=2592000,h3-Q048=\":443\"; ma=2592000,h3-Q046=\":443\"; ma=2592000,h3-Q043=\":443\"; ma=2592000,quic=\":443\"; ma=2592000; v=\"46,43\"","accept-ranges":"none","transfer-encoding":"chunked"}
[debug] [2020-06-13T15:15:53.593Z] <<< HTTP RESPONSE 200 {"content-type":"application/json; charset=UTF-8","vary":"X-Origin, Referer, Origin,Accept-Encoding","date":"Sat, 13 Jun 2020 15:15:53 GMT","server":"ESF","cache-control":"private","x-xss-protection":"0","x-frame-options":"SAMEORIGIN","x-content-type-options":"nosniff","alt-svc":"h3-27=\":443\"; ma=2592000,h3-25=\":443\"; ma=2592000,h3-T050=\":443\"; ma=2592000,h3-Q050=\":443\"; ma=2592000,h3-Q049=\":443\"; ma=2592000,h3-Q048=\":443\"; ma=2592000,h3-Q046=\":443\"; ma=2592000,h3-Q043=\":443\"; ma=2592000,quic=\":443\"; ma=2592000; v=\"46,43\"","accept-ranges":"none","transfer-encoding":"chunked"}
[debug] [2020-06-13T15:15:53.597Z] <<< HTTP RESPONSE 200 {"content-type":"application/json; charset=UTF-8","vary":"X-Origin, Referer, Origin,Accept-Encoding","date":"Sat, 13 Jun 2020 15:15:53 GMT","server":"ESF","cache-control":"private","x-xss-protection":"0","x-frame-options":"SAMEORIGIN","x-content-type-options":"nosniff","alt-svc":"h3-27=\":443\"; ma=2592000,h3-25=\":443\"; ma=2592000,h3-T050=\":443\"; ma=2592000,h3-Q050=\":443\"; ma=2592000,h3-Q049=\":443\"; ma=2592000,h3-Q048=\":443\"; ma=2592000,h3-Q046=\":443\"; ma=2592000,h3-Q043=\":443\"; ma=2592000,quic=\":443\"; ma=2592000; v=\"46,43\"","accept-ranges":"none","transfer-encoding":"chunked"}
[debug] [2020-06-13T15:15:53.602Z] <<< HTTP RESPONSE 200 {"content-type":"application/json; charset=UTF-8","vary":"X-Origin, Referer, Origin,Accept-Encoding","date":"Sat, 13 Jun 2020 15:15:53 GMT","server":"ESF","cache-control":"private","x-xss-protection":"0","x-frame-options":"SAMEORIGIN","x-content-type-options":"nosniff","alt-svc":"h3-27=\":443\"; ma=2592000,h3-25=\":443\"; ma=2592000,h3-T050=\":443\"; ma=2592000,h3-Q050=\":443\"; ma=2592000,h3-Q049=\":443\"; ma=2592000,h3-Q048=\":443\"; ma=2592000,h3-Q046=\":443\"; ma=2592000,h3-Q043=\":443\"; ma=2592000,quic=\":443\"; ma=2592000; v=\"46,43\"","accept-ranges":"none","transfer-encoding":"chunked"}
[debug] [2020-06-13T15:15:55.450Z] >>> HTTP REQUEST GET https://cloudfunctions.googleapis.com/v1/operations/YWphbnZhcmF1cy1mczIwL2V1cm9wZS13ZXN0My9zZW5kTWFpbC9DZUVPOGlNbmF2NA  
 
[debug] [2020-06-13T15:15:55.594Z] >>> HTTP REQUEST GET https://cloudfunctions.googleapis.com/v1/operations/YWphbnZhcmF1cy1mczIwL2V1cm9wZS13ZXN0My9zZW5kRW1haWxUb1N5c3RlbU9uRGF5RWRpdC9acFU3TUVMVmRNUQ  
 
[debug] [2020-06-13T15:15:55.598Z] >>> HTTP REQUEST GET https://cloudfunctions.googleapis.com/v1/operations/YWphbnZhcmF1cy1mczIwL2V1cm9wZS13ZXN0My9zZW5kTmV3Qm9va2luZ0VtYWlsVG9TeXN0ZW0valNvWlIxZGU3SWs  
 
[debug] [2020-06-13T15:15:55.602Z] >>> HTTP REQUEST GET https://cloudfunctions.googleapis.com/v1/operations/YWphbnZhcmF1cy1mczIwL2V1cm9wZS13ZXN0My9nZXRTdWJDb2xsZWN0aW9ucy80eFVkMVZSSVRCdw  
 
[debug] [2020-06-13T15:15:55.792Z] <<< HTTP RESPONSE 200 {"content-type":"application/json; charset=UTF-8","vary":"X-Origin, Referer, Origin,Accept-Encoding","date":"Sat, 13 Jun 2020 15:15:55 GMT","server":"ESF","cache-control":"private","x-xss-protection":"0","x-frame-options":"SAMEORIGIN","x-content-type-options":"nosniff","alt-svc":"h3-27=\":443\"; ma=2592000,h3-25=\":443\"; ma=2592000,h3-T050=\":443\"; ma=2592000,h3-Q050=\":443\"; ma=2592000,h3-Q049=\":443\"; ma=2592000,h3-Q048=\":443\"; ma=2592000,h3-Q046=\":443\"; ma=2592000,h3-Q043=\":443\"; ma=2592000,quic=\":443\"; ma=2592000; v=\"46,43\"","accept-ranges":"none","transfer-encoding":"chunked"}
[debug] [2020-06-13T15:15:55.803Z] <<< HTTP RESPONSE 200 {"content-type":"application/json; charset=UTF-8","vary":"X-Origin, Referer, Origin,Accept-Encoding","date":"Sat, 13 Jun 2020 15:15:55 GMT","server":"ESF","cache-control":"private","x-xss-protection":"0","x-frame-options":"SAMEORIGIN","x-content-type-options":"nosniff","alt-svc":"h3-27=\":443\"; ma=2592000,h3-25=\":443\"; ma=2592000,h3-T050=\":443\"; ma=2592000,h3-Q050=\":443\"; ma=2592000,h3-Q049=\":443\"; ma=2592000,h3-Q048=\":443\"; ma=2592000,h3-Q046=\":443\"; ma=2592000,h3-Q043=\":443\"; ma=2592000,quic=\":443\"; ma=2592000; v=\"46,43\"","accept-ranges":"none","transfer-encoding":"chunked"}
[debug] [2020-06-13T15:15:55.950Z] <<< HTTP RESPONSE 200 {"content-type":"application/json; charset=UTF-8","vary":"X-Origin, Referer, Origin,Accept-Encoding","date":"Sat, 13 Jun 2020 15:15:56 GMT","server":"ESF","cache-control":"private","x-xss-protection":"0","x-frame-options":"SAMEORIGIN","x-content-type-options":"nosniff","alt-svc":"h3-27=\":443\"; ma=2592000,h3-25=\":443\"; ma=2592000,h3-T050=\":443\"; ma=2592000,h3-Q050=\":443\"; ma=2592000,h3-Q049=\":443\"; ma=2592000,h3-Q048=\":443\"; ma=2592000,h3-Q046=\":443\"; ma=2592000,h3-Q043=\":443\"; ma=2592000,quic=\":443\"; ma=2592000; v=\"46,43\"","accept-ranges":"none","transfer-encoding":"chunked"}
[debug] [2020-06-13T15:15:55.959Z] <<< HTTP RESPONSE 200 {"content-type":"application/json; charset=UTF-8","vary":"X-Origin, Referer, Origin,Accept-Encoding","date":"Sat, 13 Jun 2020 15:15:56 GMT","server":"ESF","cache-control":"private","x-xss-protection":"0","x-frame-options":"SAMEORIGIN","x-content-type-options":"nosniff","alt-svc":"h3-27=\":443\"; ma=2592000,h3-25=\":443\"; ma=2592000,h3-T050=\":443\"; ma=2592000,h3-Q050=\":443\"; ma=2592000,h3-Q049=\":443\"; ma=2592000,h3-Q048=\":443\"; ma=2592000,h3-Q046=\":443\"; ma=2592000,h3-Q043=\":443\"; ma=2592000,quic=\":443\"; ma=2592000; v=\"46,43\"","accept-ranges":"none","transfer-encoding":"chunked"}
[debug] [2020-06-13T15:15:57.793Z] >>> HTTP REQUEST GET https://cloudfunctions.googleapis.com/v1/operations/YWphbnZhcmF1cy1mczIwL2V1cm9wZS13ZXN0My9zZW5kRW1haWxUb1N5c3RlbU9uRGF5RWRpdC9acFU3TUVMVmRNUQ  
 
[debug] [2020-06-13T15:15:57.803Z] >>> HTTP REQUEST GET https://cloudfunctions.googleapis.com/v1/operations/YWphbnZhcmF1cy1mczIwL2V1cm9wZS13ZXN0My9zZW5kTWFpbC9DZUVPOGlNbmF2NA  
 
[debug] [2020-06-13T15:15:57.949Z] >>> HTTP REQUEST GET https://cloudfunctions.googleapis.com/v1/operations/YWphbnZhcmF1cy1mczIwL2V1cm9wZS13ZXN0My9nZXRTdWJDb2xsZWN0aW9ucy80eFVkMVZSSVRCdw  
 
[debug] [2020-06-13T15:15:57.959Z] >>> HTTP REQUEST GET https://cloudfunctions.googleapis.com/v1/operations/YWphbnZhcmF1cy1mczIwL2V1cm9wZS13ZXN0My9zZW5kTmV3Qm9va2luZ0VtYWlsVG9TeXN0ZW0valNvWlIxZGU3SWs  
 
[debug] [2020-06-13T15:15:58.154Z] <<< HTTP RESPONSE 200 {"content-type":"application/json; charset=UTF-8","vary":"X-Origin, Referer, Origin,Accept-Encoding","date":"Sat, 13 Jun 2020 15:15:58 GMT","server":"ESF","cache-control":"private","x-xss-protection":"0","x-frame-options":"SAMEORIGIN","x-content-type-options":"nosniff","alt-svc":"h3-27=\":443\"; ma=2592000,h3-25=\":443\"; ma=2592000,h3-T050=\":443\"; ma=2592000,h3-Q050=\":443\"; ma=2592000,h3-Q049=\":443\"; ma=2592000,h3-Q048=\":443\"; ma=2592000,h3-Q046=\":443\"; ma=2592000,h3-Q043=\":443\"; ma=2592000,quic=\":443\"; ma=2592000; v=\"46,43\"","accept-ranges":"none","transfer-encoding":"chunked"}
[debug] [2020-06-13T15:15:58.159Z] <<< HTTP RESPONSE 200 {"content-type":"application/json; charset=UTF-8","vary":"X-Origin, Referer, Origin,Accept-Encoding","date":"Sat, 13 Jun 2020 15:15:58 GMT","server":"ESF","cache-control":"private","x-xss-protection":"0","x-frame-options":"SAMEORIGIN","x-content-type-options":"nosniff","alt-svc":"h3-27=\":443\"; ma=2592000,h3-25=\":443\"; ma=2592000,h3-T050=\":443\"; ma=2592000,h3-Q050=\":443\"; ma=2592000,h3-Q049=\":443\"; ma=2592000,h3-Q048=\":443\"; ma=2592000,h3-Q046=\":443\"; ma=2592000,h3-Q043=\":443\"; ma=2592000,quic=\":443\"; ma=2592000; v=\"46,43\"","accept-ranges":"none","transfer-encoding":"chunked"}
[debug] [2020-06-13T15:15:58.334Z] <<< HTTP RESPONSE 200 {"content-type":"application/json; charset=UTF-8","vary":"X-Origin, Referer, Origin,Accept-Encoding","date":"Sat, 13 Jun 2020 15:15:58 GMT","server":"ESF","cache-control":"private","x-xss-protection":"0","x-frame-options":"SAMEORIGIN","x-content-type-options":"nosniff","alt-svc":"h3-27=\":443\"; ma=2592000,h3-25=\":443\"; ma=2592000,h3-T050=\":443\"; ma=2592000,h3-Q050=\":443\"; ma=2592000,h3-Q049=\":443\"; ma=2592000,h3-Q048=\":443\"; ma=2592000,h3-Q046=\":443\"; ma=2592000,h3-Q043=\":443\"; ma=2592000,quic=\":443\"; ma=2592000; v=\"46,43\"","accept-ranges":"none","transfer-encoding":"chunked"}
[debug] [2020-06-13T15:15:58.356Z] <<< HTTP RESPONSE 200 {"content-type":"application/json; charset=UTF-8","vary":"X-Origin, Referer, Origin,Accept-Encoding","date":"Sat, 13 Jun 2020 15:15:58 GMT","server":"ESF","cache-control":"private","x-xss-protection":"0","x-frame-options":"SAMEORIGIN","x-content-type-options":"nosniff","alt-svc":"h3-27=\":443\"; ma=2592000,h3-25=\":443\"; ma=2592000,h3-T050=\":443\"; ma=2592000,h3-Q050=\":443\"; ma=2592000,h3-Q049=\":443\"; ma=2592000,h3-Q048=\":443\"; ma=2592000,h3-Q046=\":443\"; ma=2592000,h3-Q043=\":443\"; ma=2592000,quic=\":443\"; ma=2592000; v=\"46,43\"","accept-ranges":"none","transfer-encoding":"chunked"}
[debug] [2020-06-13T15:16:00.157Z] >>> HTTP REQUEST GET https://cloudfunctions.googleapis.com/v1/operations/YWphbnZhcmF1cy1mczIwL2V1cm9wZS13ZXN0My9zZW5kRW1haWxUb1N5c3RlbU9uRGF5RWRpdC9acFU3TUVMVmRNUQ  
 
[debug] [2020-06-13T15:16:00.161Z] >>> HTTP REQUEST GET https://cloudfunctions.googleapis.com/v1/operations/YWphbnZhcmF1cy1mczIwL2V1cm9wZS13ZXN0My9zZW5kTWFpbC9DZUVPOGlNbmF2NA  
 
[debug] [2020-06-13T15:16:00.336Z] >>> HTTP REQUEST GET https://cloudfunctions.googleapis.com/v1/operations/YWphbnZhcmF1cy1mczIwL2V1cm9wZS13ZXN0My9nZXRTdWJDb2xsZWN0aW9ucy80eFVkMVZSSVRCdw  
 
[debug] [2020-06-13T15:16:00.358Z] >>> HTTP REQUEST GET https://cloudfunctions.googleapis.com/v1/operations/YWphbnZhcmF1cy1mczIwL2V1cm9wZS13ZXN0My9zZW5kTmV3Qm9va2luZ0VtYWlsVG9TeXN0ZW0valNvWlIxZGU3SWs  
 
[debug] [2020-06-13T15:16:00.517Z] <<< HTTP RESPONSE 200 {"content-type":"application/json; charset=UTF-8","vary":"X-Origin, Referer, Origin,Accept-Encoding","date":"Sat, 13 Jun 2020 15:16:00 GMT","server":"ESF","cache-control":"private","x-xss-protection":"0","x-frame-options":"SAMEORIGIN","x-content-type-options":"nosniff","alt-svc":"h3-27=\":443\"; ma=2592000,h3-25=\":443\"; ma=2592000,h3-T050=\":443\"; ma=2592000,h3-Q050=\":443\"; ma=2592000,h3-Q049=\":443\"; ma=2592000,h3-Q048=\":443\"; ma=2592000,h3-Q046=\":443\"; ma=2592000,h3-Q043=\":443\"; ma=2592000,quic=\":443\"; ma=2592000; v=\"46,43\"","accept-ranges":"none","transfer-encoding":"chunked"}
[debug] [2020-06-13T15:16:00.518Z] <<< HTTP RESPONSE 200 {"content-type":"application/json; charset=UTF-8","vary":"X-Origin, Referer, Origin,Accept-Encoding","date":"Sat, 13 Jun 2020 15:16:00 GMT","server":"ESF","cache-control":"private","x-xss-protection":"0","x-frame-options":"SAMEORIGIN","x-content-type-options":"nosniff","alt-svc":"h3-27=\":443\"; ma=2592000,h3-25=\":443\"; ma=2592000,h3-T050=\":443\"; ma=2592000,h3-Q050=\":443\"; ma=2592000,h3-Q049=\":443\"; ma=2592000,h3-Q048=\":443\"; ma=2592000,h3-Q046=\":443\"; ma=2592000,h3-Q043=\":443\"; ma=2592000,quic=\":443\"; ma=2592000; v=\"46,43\"","accept-ranges":"none","transfer-encoding":"chunked"}
[debug] [2020-06-13T15:16:00.687Z] <<< HTTP RESPONSE 200 {"content-type":"application/json; charset=UTF-8","vary":"X-Origin, Referer, Origin,Accept-Encoding","date":"Sat, 13 Jun 2020 15:16:00 GMT","server":"ESF","cache-control":"private","x-xss-protection":"0","x-frame-options":"SAMEORIGIN","x-content-type-options":"nosniff","alt-svc":"h3-27=\":443\"; ma=2592000,h3-25=\":443\"; ma=2592000,h3-T050=\":443\"; ma=2592000,h3-Q050=\":443\"; ma=2592000,h3-Q049=\":443\"; ma=2592000,h3-Q048=\":443\"; ma=2592000,h3-Q046=\":443\"; ma=2592000,h3-Q043=\":443\"; ma=2592000,quic=\":443\"; ma=2592000; v=\"46,43\"","accept-ranges":"none","transfer-encoding":"chunked"}
[debug] [2020-06-13T15:16:00.730Z] <<< HTTP RESPONSE 200 {"content-type":"application/json; charset=UTF-8","vary":"X-Origin, Referer, Origin,Accept-Encoding","date":"Sat, 13 Jun 2020 15:16:00 GMT","server":"ESF","cache-control":"private","x-xss-protection":"0","x-frame-options":"SAMEORIGIN","x-content-type-options":"nosniff","alt-svc":"h3-27=\":443\"; ma=2592000,h3-25=\":443\"; ma=2592000,h3-T050=\":443\"; ma=2592000,h3-Q050=\":443\"; ma=2592000,h3-Q049=\":443\"; ma=2592000,h3-Q048=\":443\"; ma=2592000,h3-Q046=\":443\"; ma=2592000,h3-Q043=\":443\"; ma=2592000,quic=\":443\"; ma=2592000; v=\"46,43\"","accept-ranges":"none","transfer-encoding":"chunked"}
